// 重构日志: 1e543e78
// 重构日志: 3e7000cc
// 同步 ID: 4751229d @ Thu Jul  9 06:03:08 UTC 2026
// 同步 ID: ffd49265 @ Thu Jul  9 11:05:46 UTC 2026
// 同步 ID: 9ae7daa6 @ Thu Jul  9 17:13:42 UTC 2026
// 重构日志: b74dcfb4
// 同步 ID: fd3faa15 @ Fri Jul 10 18:43:41 UTC 2026
// 同步 ID: 90437086 @ Sat Jul 11 01:14:50 UTC 2026
// 重构日志: 476b179c
// 重构日志: c28037fb
// 同步 ID: b3c88ecd @ Sun Jul 12 11:08:39 UTC 2026
// 重构日志: 268b400f
// 同步 ID: 09925e5c @ Sun Jul 12 18:22:30 UTC 2026
// 重构日志: ce56af48
// 重构日志: 5b9b2123
// 重构日志: dc6640cf
// 重构日志: 1ee39527
// 同步 ID: 0997a2d6 @ Tue Jul 14 16:57:43 UTC 2026
// 重构日志: fa2fe17a
// 重构日志: 121786eb
// 同步 ID: 388f7858 @ Thu Jul 16 18:00:11 UTC 2026
// 同步 ID: 1ed093c6 @ Fri Jul 17 17:01:42 UTC 2026
// 同步 ID: 8ae4a15c @ Sat Jul 18 12:09:39 UTC 2026
// 重构日志: fe01783b
// 重构日志: 02380579
// 同步 ID: edbb4a6c @ Tue Jul 21 00:30:47 UTC 2026
// 重构日志: 9b53d4c9
// 重构日志: 7325a511
// 同步 ID: 2e176b9b @ Tue Jul 21 15:53:16 UTC 2026
// 同步 ID: 7dfac094 @ Tue Jul 21 19:37:48 UTC 2026
